mode: set
github.com/MrHakimov/wallet/pkg/wallet/service.go:20.31,22.2 1 0
github.com/MrHakimov/wallet/pkg/wallet/service.go:44.78,45.37 1 1
github.com/MrHakimov/wallet/pkg/wallet/service.go:51.2,61.21 4 1
github.com/MrHakimov/wallet/pkg/wallet/service.go:45.37,46.29 1 1
github.com/MrHakimov/wallet/pkg/wallet/service.go:46.29,48.4 1 0
github.com/MrHakimov/wallet/pkg/wallet/service.go:65.70,66.17 1 1
github.com/MrHakimov/wallet/pkg/wallet/service.go:70.2,71.33 2 1
github.com/MrHakimov/wallet/pkg/wallet/service.go:78.2,78.20 1 1
github.com/MrHakimov/wallet/pkg/wallet/service.go:82.2,83.12 2 1
github.com/MrHakimov/wallet/pkg/wallet/service.go:66.17,68.3 1 0
github.com/MrHakimov/wallet/pkg/wallet/service.go:71.33,72.26 1 1
github.com/MrHakimov/wallet/pkg/wallet/service.go:72.26,74.9 2 1
github.com/MrHakimov/wallet/pkg/wallet/service.go:78.20,80.3 1 0
github.com/MrHakimov/wallet/pkg/wallet/service.go:87.116,88.17 1 1
github.com/MrHakimov/wallet/pkg/wallet/service.go:91.2,92.33 2 1
github.com/MrHakimov/wallet/pkg/wallet/service.go:100.2,100.20 1 1
github.com/MrHakimov/wallet/pkg/wallet/service.go:104.2,104.30 1 1
github.com/MrHakimov/wallet/pkg/wallet/service.go:108.2,120.21 5 1
github.com/MrHakimov/wallet/pkg/wallet/service.go:88.17,90.3 1 0
github.com/MrHakimov/wallet/pkg/wallet/service.go:92.33,93.26 1 1
github.com/MrHakimov/wallet/pkg/wallet/service.go:93.26,95.9 2 1
github.com/MrHakimov/wallet/pkg/wallet/service.go:100.20,102.3 1 0
github.com/MrHakimov/wallet/pkg/wallet/service.go:104.30,107.3 1 0
github.com/MrHakimov/wallet/pkg/wallet/service.go:125.76,126.37 1 1
github.com/MrHakimov/wallet/pkg/wallet/service.go:132.2,132.32 1 1
github.com/MrHakimov/wallet/pkg/wallet/service.go:126.37,127.30 1 1
github.com/MrHakimov/wallet/pkg/wallet/service.go:127.30,129.4 1 1
github.com/MrHakimov/wallet/pkg/wallet/service.go:136.77,137.37 1 1
github.com/MrHakimov/wallet/pkg/wallet/service.go:143.2,143.32 1 1
github.com/MrHakimov/wallet/pkg/wallet/service.go:137.37,138.30 1 1
github.com/MrHakimov/wallet/pkg/wallet/service.go:138.30,140.4 1 1
github.com/MrHakimov/wallet/pkg/wallet/service.go:147.80,148.39 1 1
github.com/MrHakimov/wallet/pkg/wallet/service.go:154.2,154.33 1 1
github.com/MrHakimov/wallet/pkg/wallet/service.go:148.39,149.32 1 1
github.com/MrHakimov/wallet/pkg/wallet/service.go:149.32,151.4 1 1
github.com/MrHakimov/wallet/pkg/wallet/service.go:158.50,161.16 2 1
github.com/MrHakimov/wallet/pkg/wallet/service.go:165.2,169.16 3 1
github.com/MrHakimov/wallet/pkg/wallet/service.go:173.2,175.12 2 1
github.com/MrHakimov/wallet/pkg/wallet/service.go:161.16,163.3 1 1
github.com/MrHakimov/wallet/pkg/wallet/service.go:169.16,171.3 1 0
github.com/MrHakimov/wallet/pkg/wallet/service.go:179.68,182.16 2 1
github.com/MrHakimov/wallet/pkg/wallet/service.go:186.2,187.16 2 1
github.com/MrHakimov/wallet/pkg/wallet/service.go:191.2,191.24 1 1
github.com/MrHakimov/wallet/pkg/wallet/service.go:182.16,184.3 1 0
github.com/MrHakimov/wallet/pkg/wallet/service.go:187.16,189.3 1 0
github.com/MrHakimov/wallet/pkg/wallet/service.go:195.91,198.16 2 1
github.com/MrHakimov/wallet/pkg/wallet/service.go:202.2,212.22 4 1
github.com/MrHakimov/wallet/pkg/wallet/service.go:198.16,200.3 1 0
github.com/MrHakimov/wallet/pkg/wallet/service.go:216.78,219.16 2 1
github.com/MrHakimov/wallet/pkg/wallet/service.go:223.2,225.16 2 1
github.com/MrHakimov/wallet/pkg/wallet/service.go:229.2,229.21 1 1
github.com/MrHakimov/wallet/pkg/wallet/service.go:219.16,221.3 1 1
github.com/MrHakimov/wallet/pkg/wallet/service.go:225.16,227.3 1 0
github.com/MrHakimov/wallet/pkg/wallet/service.go:233.51,236.16 2 1
github.com/MrHakimov/wallet/pkg/wallet/service.go:242.2,242.15 1 1
github.com/MrHakimov/wallet/pkg/wallet/service.go:248.2,248.37 1 1
github.com/MrHakimov/wallet/pkg/wallet/service.go:262.2,262.12 1 1
github.com/MrHakimov/wallet/pkg/wallet/service.go:236.16,240.3 2 0
github.com/MrHakimov/wallet/pkg/wallet/service.go:242.15,243.38 1 1
github.com/MrHakimov/wallet/pkg/wallet/service.go:243.38,245.4 1 0
github.com/MrHakimov/wallet/pkg/wallet/service.go:248.37,255.17 5 1
github.com/MrHakimov/wallet/pkg/wallet/service.go:255.17,259.4 2 0
github.com/MrHakimov/wallet/pkg/wallet/service.go:266.53,269.16 2 1
github.com/MrHakimov/wallet/pkg/wallet/service.go:275.2,275.15 1 1
github.com/MrHakimov/wallet/pkg/wallet/service.go:281.2,284.6 3 1
github.com/MrHakimov/wallet/pkg/wallet/service.go:300.2,302.48 2 1
github.com/MrHakimov/wallet/pkg/wallet/service.go:327.2,327.12 1 0
github.com/MrHakimov/wallet/pkg/wallet/service.go:269.16,273.3 2 1
github.com/MrHakimov/wallet/pkg/wallet/service.go:275.15,276.38 1 1
github.com/MrHakimov/wallet/pkg/wallet/service.go:276.38,278.4 1 0
github.com/MrHakimov/wallet/pkg/wallet/service.go:284.6,287.20 2 1
github.com/MrHakimov/wallet/pkg/wallet/service.go:291.3,291.17 1 1
github.com/MrHakimov/wallet/pkg/wallet/service.go:297.3,297.45 1 1
github.com/MrHakimov/wallet/pkg/wallet/service.go:287.20,288.9 1 1
github.com/MrHakimov/wallet/pkg/wallet/service.go:291.17,295.4 2 0
github.com/MrHakimov/wallet/pkg/wallet/service.go:302.48,303.21 1 1
github.com/MrHakimov/wallet/pkg/wallet/service.go:307.3,310.17 3 1
github.com/MrHakimov/wallet/pkg/wallet/service.go:314.3,316.17 2 1
github.com/MrHakimov/wallet/pkg/wallet/service.go:320.3,324.5 1 1
github.com/MrHakimov/wallet/pkg/wallet/service.go:303.21,305.4 1 1
github.com/MrHakimov/wallet/pkg/wallet/service.go:310.17,312.4 1 0
github.com/MrHakimov/wallet/pkg/wallet/service.go:316.17,318.4 1 0
github.com/MrHakimov/wallet/pkg/wallet/service.go:331.44,333.16 2 1
github.com/MrHakimov/wallet/pkg/wallet/service.go:337.2,338.16 2 1
github.com/MrHakimov/wallet/pkg/wallet/service.go:342.2,344.12 2 1
github.com/MrHakimov/wallet/pkg/wallet/service.go:333.16,335.3 1 0
github.com/MrHakimov/wallet/pkg/wallet/service.go:338.16,340.3 1 0
github.com/MrHakimov/wallet/pkg/wallet/service.go:348.76,349.24 1 1
github.com/MrHakimov/wallet/pkg/wallet/service.go:353.2,354.16 2 1
github.com/MrHakimov/wallet/pkg/wallet/service.go:359.2,359.15 1 1
github.com/MrHakimov/wallet/pkg/wallet/service.go:366.2,366.39 1 1
github.com/MrHakimov/wallet/pkg/wallet/service.go:381.2,381.12 1 1
github.com/MrHakimov/wallet/pkg/wallet/service.go:349.24,351.3 1 0
github.com/MrHakimov/wallet/pkg/wallet/service.go:354.16,357.3 2 0
github.com/MrHakimov/wallet/pkg/wallet/service.go:359.15,361.17 2 1
github.com/MrHakimov/wallet/pkg/wallet/service.go:361.17,363.4 1 0
github.com/MrHakimov/wallet/pkg/wallet/service.go:366.39,368.17 2 1
github.com/MrHakimov/wallet/pkg/wallet/service.go:372.3,375.17 2 1
github.com/MrHakimov/wallet/pkg/wallet/service.go:368.17,370.4 1 1
github.com/MrHakimov/wallet/pkg/wallet/service.go:375.17,378.4 2 0
github.com/MrHakimov/wallet/pkg/wallet/service.go:385.76,386.24 1 1
github.com/MrHakimov/wallet/pkg/wallet/service.go:390.2,391.16 2 1
github.com/MrHakimov/wallet/pkg/wallet/service.go:396.2,396.15 1 1
github.com/MrHakimov/wallet/pkg/wallet/service.go:403.2,403.39 1 1
github.com/MrHakimov/wallet/pkg/wallet/service.go:419.2,419.12 1 1
github.com/MrHakimov/wallet/pkg/wallet/service.go:386.24,388.3 1 0
github.com/MrHakimov/wallet/pkg/wallet/service.go:391.16,394.3 2 0
github.com/MrHakimov/wallet/pkg/wallet/service.go:396.15,398.17 2 1
github.com/MrHakimov/wallet/pkg/wallet/service.go:398.17,400.4 1 0
github.com/MrHakimov/wallet/pkg/wallet/service.go:403.39,405.17 2 1
github.com/MrHakimov/wallet/pkg/wallet/service.go:409.3,413.17 2 1
github.com/MrHakimov/wallet/pkg/wallet/service.go:405.17,407.4 1 0
github.com/MrHakimov/wallet/pkg/wallet/service.go:413.17,416.4 2 0
github.com/MrHakimov/wallet/pkg/wallet/service.go:423.79,424.25 1 1
github.com/MrHakimov/wallet/pkg/wallet/service.go:428.2,429.16 2 1
github.com/MrHakimov/wallet/pkg/wallet/service.go:434.2,434.15 1 1
github.com/MrHakimov/wallet/pkg/wallet/service.go:441.2,441.41 1 1
github.com/MrHakimov/wallet/pkg/wallet/service.go:457.2,457.12 1 1
github.com/MrHakimov/wallet/pkg/wallet/service.go:424.25,426.3 1 0
github.com/MrHakimov/wallet/pkg/wallet/service.go:429.16,432.3 2 0
github.com/MrHakimov/wallet/pkg/wallet/service.go:434.15,436.17 2 1
github.com/MrHakimov/wallet/pkg/wallet/service.go:436.17,438.4 1 0
github.com/MrHakimov/wallet/pkg/wallet/service.go:441.41,443.17 2 1
github.com/MrHakimov/wallet/pkg/wallet/service.go:447.3,451.17 2 1
github.com/MrHakimov/wallet/pkg/wallet/service.go:443.17,445.4 1 0
github.com/MrHakimov/wallet/pkg/wallet/service.go:451.17,454.4 2 0
github.com/MrHakimov/wallet/pkg/wallet/service.go:461.44,464.16 2 1
github.com/MrHakimov/wallet/pkg/wallet/service.go:469.2,469.28 1 1
github.com/MrHakimov/wallet/pkg/wallet/service.go:527.2,529.16 2 1
github.com/MrHakimov/wallet/pkg/wallet/service.go:534.2,534.28 1 1
github.com/MrHakimov/wallet/pkg/wallet/service.go:601.2,602.16 2 1
github.com/MrHakimov/wallet/pkg/wallet/service.go:607.2,607.28 1 1
github.com/MrHakimov/wallet/pkg/wallet/service.go:673.2,673.12 1 1
github.com/MrHakimov/wallet/pkg/wallet/service.go:464.16,467.3 2 1
github.com/MrHakimov/wallet/pkg/wallet/service.go:469.28,470.16 1 1
github.com/MrHakimov/wallet/pkg/wallet/service.go:477.3,480.7 3 1
github.com/MrHakimov/wallet/pkg/wallet/service.go:489.3,491.29 2 1
github.com/MrHakimov/wallet/pkg/wallet/service.go:470.16,472.18 2 1
github.com/MrHakimov/wallet/pkg/wallet/service.go:472.18,474.5 1 0
github.com/MrHakimov/wallet/pkg/wallet/service.go:480.7,482.21 2 1
github.com/MrHakimov/wallet/pkg/wallet/service.go:486.4,486.47 1 1
github.com/MrHakimov/wallet/pkg/wallet/service.go:482.21,483.10 1 1
github.com/MrHakimov/wallet/pkg/wallet/service.go:491.29,495.35 3 1
github.com/MrHakimov/wallet/pkg/wallet/service.go:511.4,512.44 2 1
github.com/MrHakimov/wallet/pkg/wallet/service.go:521.4,521.15 1 1
github.com/MrHakimov/wallet/pkg/wallet/service.go:495.35,496.18 1 1
github.com/MrHakimov/wallet/pkg/wallet/service.go:497.12,500.11 3 1
github.com/MrHakimov/wallet/pkg/wallet/service.go:501.12,503.11 2 1
github.com/MrHakimov/wallet/pkg/wallet/service.go:504.12,507.11 3 1
github.com/MrHakimov/wallet/pkg/wallet/service.go:512.44,513.38 1 1
github.com/MrHakimov/wallet/pkg/wallet/service.go:513.38,517.6 3 1
github.com/MrHakimov/wallet/pkg/wallet/service.go:521.15,523.5 1 1
github.com/MrHakimov/wallet/pkg/wallet/service.go:529.16,532.3 2 1
github.com/MrHakimov/wallet/pkg/wallet/service.go:534.28,535.16 1 1
github.com/MrHakimov/wallet/pkg/wallet/service.go:542.3,547.7 4 1
github.com/MrHakimov/wallet/pkg/wallet/service.go:556.3,558.36 2 1
github.com/MrHakimov/wallet/pkg/wallet/service.go:535.16,537.18 2 1
github.com/MrHakimov/wallet/pkg/wallet/service.go:537.18,539.5 1 0
github.com/MrHakimov/wallet/pkg/wallet/service.go:547.7,549.21 2 1
github.com/MrHakimov/wallet/pkg/wallet/service.go:553.4,553.68 1 1
github.com/MrHakimov/wallet/pkg/wallet/service.go:549.21,550.10 1 1
github.com/MrHakimov/wallet/pkg/wallet/service.go:558.36,562.35 3 1
github.com/MrHakimov/wallet/pkg/wallet/service.go:584.4,585.44 2 1
github.com/MrHakimov/wallet/pkg/wallet/service.go:595.4,595.15 1 1
github.com/MrHakimov/wallet/pkg/wallet/service.go:562.35,563.18 1 1
github.com/MrHakimov/wallet/pkg/wallet/service.go:564.12,566.11 2 1
github.com/MrHakimov/wallet/pkg/wallet/service.go:567.12,570.11 3 1
github.com/MrHakimov/wallet/pkg/wallet/service.go:571.12,574.11 3 1
github.com/MrHakimov/wallet/pkg/wallet/service.go:575.12,577.11 2 1
github.com/MrHakimov/wallet/pkg/wallet/service.go:578.12,580.11 2 1
github.com/MrHakimov/wallet/pkg/wallet/service.go:585.44,586.38 1 0
github.com/MrHakimov/wallet/pkg/wallet/service.go:586.38,592.6 5 0
github.com/MrHakimov/wallet/pkg/wallet/service.go:595.15,597.5 1 1
github.com/MrHakimov/wallet/pkg/wallet/service.go:602.16,605.3 2 1
github.com/MrHakimov/wallet/pkg/wallet/service.go:607.28,608.16 1 1
github.com/MrHakimov/wallet/pkg/wallet/service.go:615.3,620.7 4 1
github.com/MrHakimov/wallet/pkg/wallet/service.go:629.3,631.37 2 1
github.com/MrHakimov/wallet/pkg/wallet/service.go:608.16,610.18 2 1
github.com/MrHakimov/wallet/pkg/wallet/service.go:610.18,612.5 1 0
github.com/MrHakimov/wallet/pkg/wallet/service.go:620.7,622.21 2 1
github.com/MrHakimov/wallet/pkg/wallet/service.go:626.4,626.71 1 1
github.com/MrHakimov/wallet/pkg/wallet/service.go:622.21,623.10 1 1
github.com/MrHakimov/wallet/pkg/wallet/service.go:631.37,634.35 3 1
github.com/MrHakimov/wallet/pkg/wallet/service.go:656.4,657.46 2 1
github.com/MrHakimov/wallet/pkg/wallet/service.go:667.4,667.15 1 1
github.com/MrHakimov/wallet/pkg/wallet/service.go:634.35,635.18 1 1
github.com/MrHakimov/wallet/pkg/wallet/service.go:636.12,638.11 2 1
github.com/MrHakimov/wallet/pkg/wallet/service.go:639.12,642.11 3 1
github.com/MrHakimov/wallet/pkg/wallet/service.go:643.12,645.11 2 1
github.com/MrHakimov/wallet/pkg/wallet/service.go:646.12,649.11 3 1
github.com/MrHakimov/wallet/pkg/wallet/service.go:650.12,652.11 2 1
github.com/MrHakimov/wallet/pkg/wallet/service.go:657.46,658.40 1 0
github.com/MrHakimov/wallet/pkg/wallet/service.go:658.40,664.6 5 0
github.com/MrHakimov/wallet/pkg/wallet/service.go:667.15,669.5 1 1
github.com/MrHakimov/wallet/pkg/wallet/service.go:677.82,679.16 2 1
github.com/MrHakimov/wallet/pkg/wallet/service.go:683.2,684.37 2 1
github.com/MrHakimov/wallet/pkg/wallet/service.go:690.2,690.21 1 1
github.com/MrHakimov/wallet/pkg/wallet/service.go:694.2,694.22 1 1
github.com/MrHakimov/wallet/pkg/wallet/service.go:679.16,681.3 1 0
github.com/MrHakimov/wallet/pkg/wallet/service.go:684.37,685.37 1 1
github.com/MrHakimov/wallet/pkg/wallet/service.go:685.37,687.4 1 1
github.com/MrHakimov/wallet/pkg/wallet/service.go:690.21,692.3 1 0
github.com/MrHakimov/wallet/pkg/wallet/service.go:698.91,699.24 1 1
github.com/MrHakimov/wallet/pkg/wallet/service.go:703.2,704.30 2 1
github.com/MrHakimov/wallet/pkg/wallet/service.go:748.2,748.12 1 1
github.com/MrHakimov/wallet/pkg/wallet/service.go:699.24,701.3 1 0
github.com/MrHakimov/wallet/pkg/wallet/service.go:704.30,706.16 2 1
github.com/MrHakimov/wallet/pkg/wallet/service.go:713.3,714.36 2 1
github.com/MrHakimov/wallet/pkg/wallet/service.go:720.3,720.36 1 1
github.com/MrHakimov/wallet/pkg/wallet/service.go:706.16,708.18 2 1
github.com/MrHakimov/wallet/pkg/wallet/service.go:708.18,710.5 1 0
github.com/MrHakimov/wallet/pkg/wallet/service.go:714.36,718.4 1 1
github.com/MrHakimov/wallet/pkg/wallet/service.go:721.8,727.36 5 1
github.com/MrHakimov/wallet/pkg/wallet/service.go:727.36,728.14 1 1
github.com/MrHakimov/wallet/pkg/wallet/service.go:731.4,738.20 4 1
github.com/MrHakimov/wallet/pkg/wallet/service.go:728.14,730.5 1 1
github.com/MrHakimov/wallet/pkg/wallet/service.go:738.20,744.5 4 1
