mode: set
github.com/MrHakimov/wallet/pkg/wallet/service.go:21.31,23.2 1 0
github.com/MrHakimov/wallet/pkg/wallet/service.go:45.78,46.37 1 1
github.com/MrHakimov/wallet/pkg/wallet/service.go:52.2,62.21 4 1
github.com/MrHakimov/wallet/pkg/wallet/service.go:46.37,47.29 1 1
github.com/MrHakimov/wallet/pkg/wallet/service.go:47.29,49.4 1 0
github.com/MrHakimov/wallet/pkg/wallet/service.go:66.70,67.17 1 1
github.com/MrHakimov/wallet/pkg/wallet/service.go:71.2,72.33 2 1
github.com/MrHakimov/wallet/pkg/wallet/service.go:79.2,79.20 1 1
github.com/MrHakimov/wallet/pkg/wallet/service.go:83.2,84.12 2 1
github.com/MrHakimov/wallet/pkg/wallet/service.go:67.17,69.3 1 0
github.com/MrHakimov/wallet/pkg/wallet/service.go:72.33,73.26 1 1
github.com/MrHakimov/wallet/pkg/wallet/service.go:73.26,75.9 2 1
github.com/MrHakimov/wallet/pkg/wallet/service.go:79.20,81.3 1 0
github.com/MrHakimov/wallet/pkg/wallet/service.go:88.116,89.17 1 1
github.com/MrHakimov/wallet/pkg/wallet/service.go:92.2,93.33 2 1
github.com/MrHakimov/wallet/pkg/wallet/service.go:101.2,101.20 1 1
github.com/MrHakimov/wallet/pkg/wallet/service.go:105.2,105.30 1 1
github.com/MrHakimov/wallet/pkg/wallet/service.go:109.2,121.21 5 1
github.com/MrHakimov/wallet/pkg/wallet/service.go:89.17,91.3 1 0
github.com/MrHakimov/wallet/pkg/wallet/service.go:93.33,94.26 1 1
github.com/MrHakimov/wallet/pkg/wallet/service.go:94.26,96.9 2 1
github.com/MrHakimov/wallet/pkg/wallet/service.go:101.20,103.3 1 0
github.com/MrHakimov/wallet/pkg/wallet/service.go:105.30,108.3 1 0
github.com/MrHakimov/wallet/pkg/wallet/service.go:126.76,127.37 1 1
github.com/MrHakimov/wallet/pkg/wallet/service.go:133.2,133.32 1 1
github.com/MrHakimov/wallet/pkg/wallet/service.go:127.37,128.30 1 1
github.com/MrHakimov/wallet/pkg/wallet/service.go:128.30,130.4 1 1
github.com/MrHakimov/wallet/pkg/wallet/service.go:137.77,138.37 1 1
github.com/MrHakimov/wallet/pkg/wallet/service.go:144.2,144.32 1 1
github.com/MrHakimov/wallet/pkg/wallet/service.go:138.37,139.30 1 1
github.com/MrHakimov/wallet/pkg/wallet/service.go:139.30,141.4 1 1
github.com/MrHakimov/wallet/pkg/wallet/service.go:148.80,149.39 1 1
github.com/MrHakimov/wallet/pkg/wallet/service.go:155.2,155.33 1 1
github.com/MrHakimov/wallet/pkg/wallet/service.go:149.39,150.32 1 1
github.com/MrHakimov/wallet/pkg/wallet/service.go:150.32,152.4 1 1
github.com/MrHakimov/wallet/pkg/wallet/service.go:159.50,162.16 2 1
github.com/MrHakimov/wallet/pkg/wallet/service.go:166.2,170.16 3 1
github.com/MrHakimov/wallet/pkg/wallet/service.go:174.2,176.12 2 1
github.com/MrHakimov/wallet/pkg/wallet/service.go:162.16,164.3 1 1
github.com/MrHakimov/wallet/pkg/wallet/service.go:170.16,172.3 1 0
github.com/MrHakimov/wallet/pkg/wallet/service.go:180.68,183.16 2 1
github.com/MrHakimov/wallet/pkg/wallet/service.go:187.2,188.16 2 1
github.com/MrHakimov/wallet/pkg/wallet/service.go:192.2,192.24 1 1
github.com/MrHakimov/wallet/pkg/wallet/service.go:183.16,185.3 1 0
github.com/MrHakimov/wallet/pkg/wallet/service.go:188.16,190.3 1 0
github.com/MrHakimov/wallet/pkg/wallet/service.go:196.91,199.16 2 1
github.com/MrHakimov/wallet/pkg/wallet/service.go:203.2,213.22 4 1
github.com/MrHakimov/wallet/pkg/wallet/service.go:199.16,201.3 1 0
github.com/MrHakimov/wallet/pkg/wallet/service.go:217.78,220.16 2 1
github.com/MrHakimov/wallet/pkg/wallet/service.go:224.2,226.16 2 1
github.com/MrHakimov/wallet/pkg/wallet/service.go:230.2,230.21 1 1
github.com/MrHakimov/wallet/pkg/wallet/service.go:220.16,222.3 1 1
github.com/MrHakimov/wallet/pkg/wallet/service.go:226.16,228.3 1 0
github.com/MrHakimov/wallet/pkg/wallet/service.go:234.51,237.16 2 1
github.com/MrHakimov/wallet/pkg/wallet/service.go:243.2,243.15 1 1
github.com/MrHakimov/wallet/pkg/wallet/service.go:249.2,249.37 1 1
github.com/MrHakimov/wallet/pkg/wallet/service.go:263.2,263.12 1 1
github.com/MrHakimov/wallet/pkg/wallet/service.go:237.16,241.3 2 0
github.com/MrHakimov/wallet/pkg/wallet/service.go:243.15,244.38 1 1
github.com/MrHakimov/wallet/pkg/wallet/service.go:244.38,246.4 1 0
github.com/MrHakimov/wallet/pkg/wallet/service.go:249.37,256.17 5 1
github.com/MrHakimov/wallet/pkg/wallet/service.go:256.17,260.4 2 0
github.com/MrHakimov/wallet/pkg/wallet/service.go:267.53,270.16 2 1
github.com/MrHakimov/wallet/pkg/wallet/service.go:276.2,276.15 1 1
github.com/MrHakimov/wallet/pkg/wallet/service.go:282.2,285.6 3 1
github.com/MrHakimov/wallet/pkg/wallet/service.go:301.2,303.48 2 1
github.com/MrHakimov/wallet/pkg/wallet/service.go:328.2,328.12 1 0
github.com/MrHakimov/wallet/pkg/wallet/service.go:270.16,274.3 2 1
github.com/MrHakimov/wallet/pkg/wallet/service.go:276.15,277.38 1 1
github.com/MrHakimov/wallet/pkg/wallet/service.go:277.38,279.4 1 0
github.com/MrHakimov/wallet/pkg/wallet/service.go:285.6,288.20 2 1
github.com/MrHakimov/wallet/pkg/wallet/service.go:292.3,292.17 1 1
github.com/MrHakimov/wallet/pkg/wallet/service.go:298.3,298.45 1 1
github.com/MrHakimov/wallet/pkg/wallet/service.go:288.20,289.9 1 1
github.com/MrHakimov/wallet/pkg/wallet/service.go:292.17,296.4 2 0
github.com/MrHakimov/wallet/pkg/wallet/service.go:303.48,304.21 1 1
github.com/MrHakimov/wallet/pkg/wallet/service.go:308.3,311.17 3 1
github.com/MrHakimov/wallet/pkg/wallet/service.go:315.3,317.17 2 1
github.com/MrHakimov/wallet/pkg/wallet/service.go:321.3,325.5 1 1
github.com/MrHakimov/wallet/pkg/wallet/service.go:304.21,306.4 1 1
github.com/MrHakimov/wallet/pkg/wallet/service.go:311.17,313.4 1 0
github.com/MrHakimov/wallet/pkg/wallet/service.go:317.17,319.4 1 0
github.com/MrHakimov/wallet/pkg/wallet/service.go:332.44,334.16 2 1
github.com/MrHakimov/wallet/pkg/wallet/service.go:338.2,339.16 2 1
github.com/MrHakimov/wallet/pkg/wallet/service.go:343.2,345.12 2 1
github.com/MrHakimov/wallet/pkg/wallet/service.go:334.16,336.3 1 0
github.com/MrHakimov/wallet/pkg/wallet/service.go:339.16,341.3 1 0
github.com/MrHakimov/wallet/pkg/wallet/service.go:349.76,350.24 1 1
github.com/MrHakimov/wallet/pkg/wallet/service.go:354.2,355.16 2 1
github.com/MrHakimov/wallet/pkg/wallet/service.go:360.2,360.15 1 1
github.com/MrHakimov/wallet/pkg/wallet/service.go:367.2,367.39 1 1
github.com/MrHakimov/wallet/pkg/wallet/service.go:382.2,382.12 1 1
github.com/MrHakimov/wallet/pkg/wallet/service.go:350.24,352.3 1 0
github.com/MrHakimov/wallet/pkg/wallet/service.go:355.16,358.3 2 0
github.com/MrHakimov/wallet/pkg/wallet/service.go:360.15,362.17 2 1
github.com/MrHakimov/wallet/pkg/wallet/service.go:362.17,364.4 1 0
github.com/MrHakimov/wallet/pkg/wallet/service.go:367.39,369.17 2 1
github.com/MrHakimov/wallet/pkg/wallet/service.go:373.3,376.17 2 1
github.com/MrHakimov/wallet/pkg/wallet/service.go:369.17,371.4 1 1
github.com/MrHakimov/wallet/pkg/wallet/service.go:376.17,379.4 2 0
github.com/MrHakimov/wallet/pkg/wallet/service.go:386.76,387.24 1 1
github.com/MrHakimov/wallet/pkg/wallet/service.go:391.2,392.16 2 1
github.com/MrHakimov/wallet/pkg/wallet/service.go:397.2,397.15 1 1
github.com/MrHakimov/wallet/pkg/wallet/service.go:404.2,404.39 1 1
github.com/MrHakimov/wallet/pkg/wallet/service.go:420.2,420.12 1 1
github.com/MrHakimov/wallet/pkg/wallet/service.go:387.24,389.3 1 0
github.com/MrHakimov/wallet/pkg/wallet/service.go:392.16,395.3 2 0
github.com/MrHakimov/wallet/pkg/wallet/service.go:397.15,399.17 2 1
github.com/MrHakimov/wallet/pkg/wallet/service.go:399.17,401.4 1 0
github.com/MrHakimov/wallet/pkg/wallet/service.go:404.39,406.17 2 1
github.com/MrHakimov/wallet/pkg/wallet/service.go:410.3,414.17 2 1
github.com/MrHakimov/wallet/pkg/wallet/service.go:406.17,408.4 1 0
github.com/MrHakimov/wallet/pkg/wallet/service.go:414.17,417.4 2 0
github.com/MrHakimov/wallet/pkg/wallet/service.go:424.79,425.25 1 1
github.com/MrHakimov/wallet/pkg/wallet/service.go:429.2,430.16 2 1
github.com/MrHakimov/wallet/pkg/wallet/service.go:435.2,435.15 1 1
github.com/MrHakimov/wallet/pkg/wallet/service.go:442.2,442.41 1 1
github.com/MrHakimov/wallet/pkg/wallet/service.go:458.2,458.12 1 1
github.com/MrHakimov/wallet/pkg/wallet/service.go:425.25,427.3 1 0
github.com/MrHakimov/wallet/pkg/wallet/service.go:430.16,433.3 2 0
github.com/MrHakimov/wallet/pkg/wallet/service.go:435.15,437.17 2 1
github.com/MrHakimov/wallet/pkg/wallet/service.go:437.17,439.4 1 0
github.com/MrHakimov/wallet/pkg/wallet/service.go:442.41,444.17 2 1
github.com/MrHakimov/wallet/pkg/wallet/service.go:448.3,452.17 2 1
github.com/MrHakimov/wallet/pkg/wallet/service.go:444.17,446.4 1 0
github.com/MrHakimov/wallet/pkg/wallet/service.go:452.17,455.4 2 0
github.com/MrHakimov/wallet/pkg/wallet/service.go:462.44,465.16 2 1
github.com/MrHakimov/wallet/pkg/wallet/service.go:470.2,470.28 1 1
github.com/MrHakimov/wallet/pkg/wallet/service.go:528.2,530.16 2 1
github.com/MrHakimov/wallet/pkg/wallet/service.go:535.2,535.28 1 1
github.com/MrHakimov/wallet/pkg/wallet/service.go:602.2,603.16 2 1
github.com/MrHakimov/wallet/pkg/wallet/service.go:608.2,608.28 1 1
github.com/MrHakimov/wallet/pkg/wallet/service.go:674.2,674.12 1 1
github.com/MrHakimov/wallet/pkg/wallet/service.go:465.16,468.3 2 1
github.com/MrHakimov/wallet/pkg/wallet/service.go:470.28,471.16 1 1
github.com/MrHakimov/wallet/pkg/wallet/service.go:478.3,481.7 3 1
github.com/MrHakimov/wallet/pkg/wallet/service.go:490.3,492.29 2 1
github.com/MrHakimov/wallet/pkg/wallet/service.go:471.16,473.18 2 1
github.com/MrHakimov/wallet/pkg/wallet/service.go:473.18,475.5 1 0
github.com/MrHakimov/wallet/pkg/wallet/service.go:481.7,483.21 2 1
github.com/MrHakimov/wallet/pkg/wallet/service.go:487.4,487.47 1 1
github.com/MrHakimov/wallet/pkg/wallet/service.go:483.21,484.10 1 1
github.com/MrHakimov/wallet/pkg/wallet/service.go:492.29,496.35 3 1
github.com/MrHakimov/wallet/pkg/wallet/service.go:512.4,513.44 2 1
github.com/MrHakimov/wallet/pkg/wallet/service.go:522.4,522.15 1 1
github.com/MrHakimov/wallet/pkg/wallet/service.go:496.35,497.18 1 1
github.com/MrHakimov/wallet/pkg/wallet/service.go:498.12,501.11 3 1
github.com/MrHakimov/wallet/pkg/wallet/service.go:502.12,504.11 2 1
github.com/MrHakimov/wallet/pkg/wallet/service.go:505.12,508.11 3 1
github.com/MrHakimov/wallet/pkg/wallet/service.go:513.44,514.38 1 1
github.com/MrHakimov/wallet/pkg/wallet/service.go:514.38,518.6 3 1
github.com/MrHakimov/wallet/pkg/wallet/service.go:522.15,524.5 1 1
github.com/MrHakimov/wallet/pkg/wallet/service.go:530.16,533.3 2 1
github.com/MrHakimov/wallet/pkg/wallet/service.go:535.28,536.16 1 1
github.com/MrHakimov/wallet/pkg/wallet/service.go:543.3,548.7 4 1
github.com/MrHakimov/wallet/pkg/wallet/service.go:557.3,559.36 2 1
github.com/MrHakimov/wallet/pkg/wallet/service.go:536.16,538.18 2 1
github.com/MrHakimov/wallet/pkg/wallet/service.go:538.18,540.5 1 0
github.com/MrHakimov/wallet/pkg/wallet/service.go:548.7,550.21 2 1
github.com/MrHakimov/wallet/pkg/wallet/service.go:554.4,554.68 1 1
github.com/MrHakimov/wallet/pkg/wallet/service.go:550.21,551.10 1 1
github.com/MrHakimov/wallet/pkg/wallet/service.go:559.36,563.35 3 1
github.com/MrHakimov/wallet/pkg/wallet/service.go:585.4,586.44 2 1
github.com/MrHakimov/wallet/pkg/wallet/service.go:596.4,596.15 1 1
github.com/MrHakimov/wallet/pkg/wallet/service.go:563.35,564.18 1 1
github.com/MrHakimov/wallet/pkg/wallet/service.go:565.12,567.11 2 1
github.com/MrHakimov/wallet/pkg/wallet/service.go:568.12,571.11 3 1
github.com/MrHakimov/wallet/pkg/wallet/service.go:572.12,575.11 3 1
github.com/MrHakimov/wallet/pkg/wallet/service.go:576.12,578.11 2 1
github.com/MrHakimov/wallet/pkg/wallet/service.go:579.12,581.11 2 1
github.com/MrHakimov/wallet/pkg/wallet/service.go:586.44,587.38 1 0
github.com/MrHakimov/wallet/pkg/wallet/service.go:587.38,593.6 5 0
github.com/MrHakimov/wallet/pkg/wallet/service.go:596.15,598.5 1 1
github.com/MrHakimov/wallet/pkg/wallet/service.go:603.16,606.3 2 1
github.com/MrHakimov/wallet/pkg/wallet/service.go:608.28,609.16 1 1
github.com/MrHakimov/wallet/pkg/wallet/service.go:616.3,621.7 4 1
github.com/MrHakimov/wallet/pkg/wallet/service.go:630.3,632.37 2 1
github.com/MrHakimov/wallet/pkg/wallet/service.go:609.16,611.18 2 1
github.com/MrHakimov/wallet/pkg/wallet/service.go:611.18,613.5 1 0
github.com/MrHakimov/wallet/pkg/wallet/service.go:621.7,623.21 2 1
github.com/MrHakimov/wallet/pkg/wallet/service.go:627.4,627.71 1 1
github.com/MrHakimov/wallet/pkg/wallet/service.go:623.21,624.10 1 1
github.com/MrHakimov/wallet/pkg/wallet/service.go:632.37,635.35 3 1
github.com/MrHakimov/wallet/pkg/wallet/service.go:657.4,658.46 2 1
github.com/MrHakimov/wallet/pkg/wallet/service.go:668.4,668.15 1 1
github.com/MrHakimov/wallet/pkg/wallet/service.go:635.35,636.18 1 1
github.com/MrHakimov/wallet/pkg/wallet/service.go:637.12,639.11 2 1
github.com/MrHakimov/wallet/pkg/wallet/service.go:640.12,643.11 3 1
github.com/MrHakimov/wallet/pkg/wallet/service.go:644.12,646.11 2 1
github.com/MrHakimov/wallet/pkg/wallet/service.go:647.12,650.11 3 1
github.com/MrHakimov/wallet/pkg/wallet/service.go:651.12,653.11 2 1
github.com/MrHakimov/wallet/pkg/wallet/service.go:658.46,659.40 1 0
github.com/MrHakimov/wallet/pkg/wallet/service.go:659.40,665.6 5 0
github.com/MrHakimov/wallet/pkg/wallet/service.go:668.15,670.5 1 1
github.com/MrHakimov/wallet/pkg/wallet/service.go:678.82,680.16 2 1
github.com/MrHakimov/wallet/pkg/wallet/service.go:684.2,685.37 2 1
github.com/MrHakimov/wallet/pkg/wallet/service.go:691.2,691.21 1 1
github.com/MrHakimov/wallet/pkg/wallet/service.go:695.2,695.22 1 1
github.com/MrHakimov/wallet/pkg/wallet/service.go:680.16,682.3 1 0
github.com/MrHakimov/wallet/pkg/wallet/service.go:685.37,686.37 1 1
github.com/MrHakimov/wallet/pkg/wallet/service.go:686.37,688.4 1 1
github.com/MrHakimov/wallet/pkg/wallet/service.go:691.21,693.3 1 0
github.com/MrHakimov/wallet/pkg/wallet/service.go:699.91,700.24 1 1
github.com/MrHakimov/wallet/pkg/wallet/service.go:704.2,705.30 2 1
github.com/MrHakimov/wallet/pkg/wallet/service.go:749.2,749.12 1 1
github.com/MrHakimov/wallet/pkg/wallet/service.go:700.24,702.3 1 0
github.com/MrHakimov/wallet/pkg/wallet/service.go:705.30,707.16 2 1
github.com/MrHakimov/wallet/pkg/wallet/service.go:714.3,715.36 2 1
github.com/MrHakimov/wallet/pkg/wallet/service.go:721.3,721.36 1 1
github.com/MrHakimov/wallet/pkg/wallet/service.go:707.16,709.18 2 1
github.com/MrHakimov/wallet/pkg/wallet/service.go:709.18,711.5 1 0
github.com/MrHakimov/wallet/pkg/wallet/service.go:715.36,719.4 1 1
github.com/MrHakimov/wallet/pkg/wallet/service.go:722.8,728.36 5 1
github.com/MrHakimov/wallet/pkg/wallet/service.go:728.36,729.14 1 1
github.com/MrHakimov/wallet/pkg/wallet/service.go:732.4,739.20 4 1
github.com/MrHakimov/wallet/pkg/wallet/service.go:729.14,731.5 1 1
github.com/MrHakimov/wallet/pkg/wallet/service.go:739.20,745.5 4 1
github.com/MrHakimov/wallet/pkg/wallet/service.go:753.28,754.12 1 1
github.com/MrHakimov/wallet/pkg/wallet/service.go:758.2,758.10 1 1
github.com/MrHakimov/wallet/pkg/wallet/service.go:754.12,756.3 1 1
github.com/MrHakimov/wallet/pkg/wallet/service.go:762.59,770.37 6 1
github.com/MrHakimov/wallet/pkg/wallet/service.go:774.2,774.34 1 1
github.com/MrHakimov/wallet/pkg/wallet/service.go:792.2,794.15 2 1
github.com/MrHakimov/wallet/pkg/wallet/service.go:770.37,772.3 1 0
github.com/MrHakimov/wallet/pkg/wallet/service.go:774.34,779.73 4 1
github.com/MrHakimov/wallet/pkg/wallet/service.go:779.73,782.101 2 1
github.com/MrHakimov/wallet/pkg/wallet/service.go:786.4,788.15 3 1
github.com/MrHakimov/wallet/pkg/wallet/service.go:782.101,784.5 1 1
github.com/MrHakimov/wallet/pkg/wallet/service.go:798.120,799.21 1 1
github.com/MrHakimov/wallet/pkg/wallet/service.go:803.2,810.37 6 1
github.com/MrHakimov/wallet/pkg/wallet/service.go:814.2,814.34 1 1
github.com/MrHakimov/wallet/pkg/wallet/service.go:834.2,836.19 2 1
github.com/MrHakimov/wallet/pkg/wallet/service.go:840.2,840.20 1 0
github.com/MrHakimov/wallet/pkg/wallet/service.go:799.21,801.3 1 0
github.com/MrHakimov/wallet/pkg/wallet/service.go:810.37,812.3 1 1
github.com/MrHakimov/wallet/pkg/wallet/service.go:814.34,819.22 4 1
github.com/MrHakimov/wallet/pkg/wallet/service.go:819.22,822.101 2 1
github.com/MrHakimov/wallet/pkg/wallet/service.go:828.4,830.15 3 1
github.com/MrHakimov/wallet/pkg/wallet/service.go:822.101,823.29 1 1
github.com/MrHakimov/wallet/pkg/wallet/service.go:823.29,825.6 1 0
github.com/MrHakimov/wallet/pkg/wallet/service.go:836.19,838.3 1 1
github.com/MrHakimov/wallet/pkg/wallet/service.go:845.52,847.2 1 0
github.com/MrHakimov/wallet/pkg/wallet/service.go:850.92,854.2 2 0
github.com/MrHakimov/wallet/pkg/wallet/service.go:857.67,861.23 3 1
github.com/MrHakimov/wallet/pkg/wallet/service.go:865.2,868.34 3 1
github.com/MrHakimov/wallet/pkg/wallet/service.go:878.2,879.11 2 1
github.com/MrHakimov/wallet/pkg/wallet/service.go:861.23,863.3 1 0
github.com/MrHakimov/wallet/pkg/wallet/service.go:868.34,872.36 3 1
github.com/MrHakimov/wallet/pkg/wallet/service.go:875.3,875.12 1 1
github.com/MrHakimov/wallet/pkg/wallet/service.go:872.36,874.4 1 1
